This file contains any messages produced by compilers while
running configure, to aid debugging if configure makes a mistake.

It was created by configure, which was
generated by GNU Autoconf 2.71.  Invocation command line was

  $ ./configure

## --------- ##
## Platform. ##
## --------- ##

hostname = kasper-UX430UQ
uname -m = x86_64
uname -r = 6.2.0-26-generic
uname -s = Linux
uname -v = #26~22.04.1-Ubuntu SMP PREEMPT_DYNAMIC Thu Jul 13 16:27:29 UTC 2

/usr/bin/uname -p = x86_64
/bin/uname -X     = unknown

/bin/arch              = x86_64
/usr/bin/arch -k       = unknown
/usr/convex/getsysinfo = unknown
/usr/bin/hostinfo      = unknown
/bin/machine           = unknown
/usr/bin/oslevel       = unknown
/bin/universe          = unknown

PATH: /usr/local/sbin/
PATH: /usr/local/bin/
PATH: /usr/sbin/
PATH: /usr/bin/
PATH: /sbin/
PATH: /bin/
PATH: /usr/games/
PATH: /usr/local/games/
PATH: /snap/bin/
PATH: /snap/bin/


## ----------- ##
## Core tests. ##
## ----------- ##

configure:2576: looking for aux files: ltmain.sh config.guess config.sub
configure:2589:  trying ./build/
configure:2618:   ./build/ltmain.sh found
configure:2618:   ./build/config.guess found
configure:2618:   ./build/config.sub found
configure:2735: checking for grep that handles long lines and -e
configure:2799: result: /usr/bin/grep
configure:2804: checking for egrep
configure:2872: result: /usr/bin/grep -E
configure:2877: checking for a sed that does not truncate output
configure:2947: result: /usr/bin/sed
configure:3091: checking for pkg-config
configure:3114: found /usr/bin/pkg-config
configure:3126: result: /usr/bin/pkg-config
configure:3151: checking pkg-config is at least version 0.9.0
configure:3154: result: yes
configure:3230: checking for cc
configure:3251: found /usr/bin/cc
configure:3262: result: cc
configure:3293: checking for C compiler version
configure:3302: cc --version >&5
cc (Ubuntu 11.4.0-1ubuntu1~22.04) 11.4.0
Copyright (C) 2021 Free Software Foundation, Inc.
This is free software; see the source for copying conditions.  There is NO
warranty; not even for MERCHANTABILITY or FITNESS FOR A PARTICULAR PURPOSE.

configure:3313: $? = 0
configure:3302: cc -v >&5
Using built-in specs.
COLLECT_GCC=cc
COLLECT_LTO_WRAPPER=/usr/lib/gcc/x86_64-linux-gnu/11/lto-wrapper
OFFLOAD_TARGET_NAMES=nvptx-none:amdgcn-amdhsa
OFFLOAD_TARGET_DEFAULT=1
Target: x86_64-linux-gnu
Configured with: ../src/configure -v --with-pkgversion='Ubuntu 11.4.0-1ubuntu1~22.04' --with-bugurl=file:///usr/share/doc/gcc-11/README.Bugs --enable-languages=c,ada,c++,go,brig,d,fortran,objc,obj-c++,m2 --prefix=/usr --with-gcc-major-version-only --program-suffix=-11 --program-prefix=x86_64-linux-gnu- --enable-shared --enable-linker-build-id --libexecdir=/usr/lib --without-included-gettext --enable-threads=posix --libdir=/usr/lib --enable-nls --enable-bootstrap --enable-clocale=gnu --enable-libstdcxx-debug --enable-libstdcxx-time=yes --with-default-libstdcxx-abi=new --enable-gnu-unique-object --disable-vtable-verify --enable-plugin --enable-default-pie --with-system-zlib --enable-libphobos-checking=release --with-target-system-zlib=auto --enable-objc-gc=auto --enable-multiarch --disable-werror --enable-cet --with-arch-32=i686 --with-abi=m64 --with-multilib-list=m32,m64,mx32 --enable-multilib --with-tune=generic --enable-offload-targets=nvptx-none=/build/gcc-11-XeT9lY/gcc-11-11.4.0/debian/tmp-nvptx/usr,amdgcn-amdhsa=/build/gcc-11-XeT9lY/gcc-11-11.4.0/debian/tmp-gcn/usr --without-cuda-driver --enable-checking=release --build=x86_64-linux-gnu --host=x86_64-linux-gnu --target=x86_64-linux-gnu --with-build-config=bootstrap-lto-lean --enable-link-serialization=2
Thread model: posix
Supported LTO compression algorithms: zlib zstd
gcc version 11.4.0 (Ubuntu 11.4.0-1ubuntu1~22.04) 
... rest of stderr output deleted ...
configure:3313: $? = 0
configure:3302: cc -V >&5
cc: error: unrecognized command-line option '-V'
cc: fatal error: no input files
compilation terminated.
configure:3313: $? = 1
configure:3302: cc -qversion >&5
cc: error: unrecognized command-line option '-qversion'; did you mean '--version'?
cc: fatal error: no input files
compilation terminated.
configure:3313: $? = 1
configure:3302: cc -version >&5
cc: error: unrecognized command-line option '-version'
cc: fatal error: no input files
compilation terminated.
configure:3313: $? = 1
configure:3333: checking whether the C compiler works
configure:3355: cc    conftest.c  >&5
configure:3359: $? = 0
configure:3409: result: yes
configure:3412: checking for C compiler default output file name
configure:3414: result: a.out
configure:3420: checking for suffix of executables
configure:3427: cc -o conftest    conftest.c  >&5
configure:3431: $? = 0
configure:3454: result: 
configure:3476: checking whether we are cross compiling
configure:3484: cc -o conftest    conftest.c  >&5
configure:3488: $? = 0
configure:3495: ./conftest
configure:3499: $? = 0
configure:3514: result: no
configure:3519: checking for suffix of object files
configure:3542: cc -c   conftest.c >&5
configure:3546: $? = 0
configure:3568: result: o
configure:3572: checking whether the compiler supports GNU C
configure:3592: cc -c   conftest.c >&5
configure:3592: $? = 0
configure:3602: result: yes
configure:3613: checking whether cc accepts -g
configure:3634: cc -c -g  conftest.c >&5
configure:3634: $? = 0
configure:3678: result: yes
configure:3698: checking for cc option to enable C11 features
configure:3713: cc  -c -g -O2  conftest.c >&5
configure:3713: $? = 0
configure:3731: result: none needed
configure:3847: checking how to run the C preprocessor
configure:3873: cc -E  conftest.c
configure:3873: $? = 0
configure:3888: cc -E  conftest.c
conftest.c:9:10: fatal error: ac_nonexistent.h: No such file or directory
    9 | #include <ac_nonexistent.h>
      |          ^~~~~~~~~~~~~~~~~~
compilation terminated.
configure:3888: $? = 1
configure: failed program was:
| /* confdefs.h */
| #define PACKAGE_NAME ""
| #define PACKAGE_TARNAME ""
| #define PACKAGE_VERSION ""
| #define PACKAGE_STRING ""
| #define PACKAGE_BUGREPORT ""
| #define PACKAGE_URL ""
| /* end confdefs.h.  */
| #include <ac_nonexistent.h>
configure:3915: result: cc -E
configure:3929: cc -E  conftest.c
configure:3929: $? = 0
configure:3944: cc -E  conftest.c
conftest.c:9:10: fatal error: ac_nonexistent.h: No such file or directory
    9 | #include <ac_nonexistent.h>
      |          ^~~~~~~~~~~~~~~~~~
compilation terminated.
configure:3944: $? = 1
configure: failed program was:
| /* confdefs.h */
| #define PACKAGE_NAME ""
| #define PACKAGE_TARNAME ""
| #define PACKAGE_VERSION ""
| #define PACKAGE_STRING ""
| #define PACKAGE_BUGREPORT ""
| #define PACKAGE_URL ""
| /* end confdefs.h.  */
| #include <ac_nonexistent.h>
configure:3977: checking for icc
configure:3987: result: no
configure:4001: checking for suncc
configure:4011: result: no
configure:4029: checking for system library directory
configure:4045: result: lib
configure:4052: checking if compiler supports -Wl,-rpath,
configure:4072: cc -o conftest -g -O2   conftest.c -Wl,-rpath,/usr/lib  >&5
configure:4072: $? = 0
configure:4083: result: yes
configure:4138: checking build system type
configure:4153: result: x86_64-pc-linux-gnu
configure:4173: checking host system type
configure:4187: result: x86_64-pc-linux-gnu
configure:4207: checking target system type
configure:4221: result: x86_64-pc-linux-gnu
configure:4325: checking for PHP prefix
configure:4327: result: /usr
configure:4329: checking for PHP includes
configure:4331: result: -I/usr/include/php/20210902 -I/usr/include/php/20210902/main -I/usr/include/php/20210902/TSRM -I/usr/include/php/20210902/Zend -I/usr/include/php/20210902/ext -I/usr/include/php/20210902/ext/date/lib
configure:4333: checking for PHP extension directory
configure:4335: result: /usr/lib/php/20210902
configure:4337: checking for PHP installed headers prefix
configure:4339: result: /usr/include/php/20210902
configure:4342: checking if debug is enabled
configure:4369: result: no
configure:4372: checking if zts is enabled
configure:4399: result: no
configure:4467: checking for gawk
configure:4503: result: no
configure:4467: checking for nawk
configure:4489: found /usr/bin/nawk
configure:4500: result: nawk
configure:4523: checking if nawk is broken
configure:4530: result: no
configure:4543: checking whether to enable mongodb support
configure:4583: result: yes, shared
configure:4591: checking OpenSSL dir for mongodb
configure:4607: result: yes
configure:4615: checking whether to use system default cipher list instead of hardcoded value
configure:4631: result: no
configure:4654: checking PHP version
configure:4658: result: 80102
configure:4665: checking whether to enable developer build flags
configure:4680: result: no
configure:4786: checking whether to enable code coverage
configure:4801: result: no
configure:4866: checking whether to use system libbson
configure:4882: result: no
configure:4890: checking whether to use system libmongoc
configure:4906: result: no
configure:5219: checking configuring libmongoc
configure:5221: result: ...
configure:5498: checking for openssl >= 1.0.1
configure:5505: $PKG_CONFIG --exists --print-errors "openssl >= 1.0.1"
configure:5508: $? = 0
configure:5522: $PKG_CONFIG --exists --print-errors "openssl >= 1.0.1"
configure:5525: $? = 0
configure:5583: result: yes
configure:5771: checking for Cyrus SASL support
configure:5787: result: auto
configure:5794: checking for SASL
configure:5806: result: not found
configure:6284: checking if weak symbols are supported
configure:6301: cc -o conftest -g -O2   conftest.c  >&5
configure:6301: $? = 0
configure:6303: result: yes
configure:6532: checking if compiler needs -Werror to reject unknown flags
configure:6548: cc -c -g -O2 -Werror -Wunknown-warning-option -Wsizeof-array-argument  conftest.c >&5
cc: error: unrecognized command-line option '-Wunknown-warning-option'
configure:6548: $? = 1
configure: failed program was:
| /* confdefs.h */
| #define PACKAGE_NAME ""
| #define PACKAGE_TARNAME ""
| #define PACKAGE_VERSION ""
| #define PACKAGE_STRING ""
| #define PACKAGE_BUGREPORT ""
| #define PACKAGE_URL ""
| /* end confdefs.h.  */
| int foo(void);
| int
| main (void)
| {
| foo()
|   ;
|   return 0;
| }
configure:6554: result: no
configure:6625: checking for the pthreads library -lpthreads
configure:6663: cc -o conftest -g -O2     conftest.c -lpthreads  >&5
/usr/bin/ld: cannot find -lpthreads: No such file or directory
collect2: error: ld returned 1 exit status
configure:6663: $? = 1
configure: failed program was:
| /* confdefs.h */
| #define PACKAGE_NAME ""
| #define PACKAGE_TARNAME ""
| #define PACKAGE_VERSION ""
| #define PACKAGE_STRING ""
| #define PACKAGE_BUGREPORT ""
| #define PACKAGE_URL ""
| /* end confdefs.h.  */
| #include <pthread.h>
|                         static void routine(void *a) { a = 0; }
|                         static void *start_routine(void *a) { return a; }
| int
| main (void)
| {
| pthread_t th; pthread_attr_t attr;
|                         pthread_create(&th, 0, start_routine, 0);
|                         pthread_join(th, 0);
|                         pthread_attr_init(&attr);
|                         pthread_cleanup_push(routine, 0);
|                         pthread_cleanup_pop(0) /* ; */
|   ;
|   return 0;
| }
configure:6673: result: no
configure:6565: checking whether pthreads work without any flags
configure:6663: cc -o conftest -g -O2     conftest.c   >&5
configure:6663: $? = 0
configure:6673: result: yes
configure:6692: checking for joinable pthread attribute
configure:6707: cc -o conftest -g -O2    conftest.c   >&5
configure:6707: $? = 0
configure:6714: result: PTHREAD_CREATE_JOINABLE
configure:6722: checking if more special flags are required for pthreads
configure:6737: result: no
configure:6743: checking for PTHREAD_PRIO_INHERIT
configure:6761: cc -o conftest -g -O2    conftest.c   >&5
configure:6761: $? = 0
configure:6771: result: yes
configure:6881: checking for shm_open
configure:6881: cc -o conftest -g -O2   conftest.c  >&5
configure:6881: $? = 0
configure:6881: result: yes
configure:7468: checking for __sync_add_and_fetch_4
configure:7481: cc -o conftest -g -O2   conftest.c  >&5
configure:7481: $? = 0
configure:7483: result: yes
configure:7502: checking for __sync_add_and_fetch_8
configure:7515: cc -o conftest -g -O2   conftest.c  >&5
configure:7515: $? = 0
configure:7517: result: yes
configure:7545: checking for strnlen
configure:7565: cc -c -g -O2  conftest.c >&5
conftest.c:15:5: error: conflicting types for 'strnlen'; have 'int()'
   15 | int strnlen () { return 0; }
      |     ^~~~~~~
In file included from conftest.c:14:
/usr/include/string.h:413:15: note: previous declaration of 'strnlen' with type 'size_t(const char *, size_t)' {aka 'long unsigned int(const char *, long unsigned int)'}
  413 | extern size_t strnlen (const char *__string, size_t __maxlen)
      |               ^~~~~~~
configure:7565: $? = 1
configure: failed program was:
| /* confdefs.h */
| #define PACKAGE_NAME ""
| #define PACKAGE_TARNAME ""
| #define PACKAGE_VERSION ""
| #define PACKAGE_STRING ""
| #define PACKAGE_BUGREPORT ""
| #define PACKAGE_URL ""
| #define HAVE_PTHREAD_PRIO_INHERIT 1
| #define HAVE_PTHREAD 1
| #define HAVE_SHM_OPEN 1
| #define COMPILE_DL_MONGODB 1
| /* end confdefs.h.  */
| 
| #include <string.h>
| int strnlen () { return 0; }
| 
| int
| main (void)
| {
| 
|   ;
|   return 0;
| }
configure:7573: result: yes
configure:7583: checking for reallocf
configure:7603: cc -c -g -O2  conftest.c >&5
configure:7603: $? = 0
configure:7611: result: no
configure:7621: checking for syscall
configure:7642: cc -c -g -O2  conftest.c >&5
conftest.c:16:5: error: conflicting types for 'syscall'; have 'int()'
   16 | int syscall () { return 0; }
      |     ^~~~~~~
In file included from conftest.c:14:
/usr/include/unistd.h:1091:17: note: previous declaration of 'syscall' with type 'long int(long int, ...)'
 1091 | extern long int syscall (long int __sysno, ...) __THROW;
      |                 ^~~~~~~
configure:7642: $? = 1
configure: failed program was:
| /* confdefs.h */
| #define PACKAGE_NAME ""
| #define PACKAGE_TARNAME ""
| #define PACKAGE_VERSION ""
| #define PACKAGE_STRING ""
| #define PACKAGE_BUGREPORT ""
| #define PACKAGE_URL ""
| #define HAVE_PTHREAD_PRIO_INHERIT 1
| #define HAVE_PTHREAD 1
| #define HAVE_SHM_OPEN 1
| #define COMPILE_DL_MONGODB 1
| /* end confdefs.h.  */
| 
| #include <unistd.h>
| #include <sys/syscall.h>
| int syscall () { return 0; }
| 
| int
| main (void)
| {
| 
|   ;
|   return 0;
| }
configure:7650: result: yes
configure:7653: checking for SYS_gettid
configure:7674: cc -c -g -O2  conftest.c >&5
configure:7674: $? = 0
configure:7682: result: yes
configure:7693: checking for snprintf
configure:7693: cc -o conftest -g -O2   conftest.c  >&5
conftest.c:29:6: warning: conflicting types for built-in function 'snprintf'; expected 'int(char *, long unsigned int,  const char *, ...)' [-Wbuiltin-declaration-mismatch]
   29 | char snprintf ();
      |      ^~~~~~~~
conftest.c:21:1: note: 'snprintf' is declared in header '<stdio.h>'
   20 | #include <limits.h>
   21 | #undef snprintf
configure:7693: $? = 0
configure:7693: result: yes
configure:7707: checking for _set_output_format
configure:7707: cc -o conftest -g -O2   conftest.c  >&5
/usr/bin/ld: /tmp/cc5synVK.o: in function `main':
/home/kasper/Documents/moviedb/moviedb/mongodb-1.2.11/conftest.c:40: undefined reference to `_set_output_format'
collect2: error: ld returned 1 exit status
configure:7707: $? = 1
configure: failed program was:
| /* confdefs.h */
| #define PACKAGE_NAME ""
| #define PACKAGE_TARNAME ""
| #define PACKAGE_VERSION ""
| #define PACKAGE_STRING ""
| #define PACKAGE_BUGREPORT ""
| #define PACKAGE_URL ""
| #define HAVE_PTHREAD_PRIO_INHERIT 1
| #define HAVE_PTHREAD 1
| #define HAVE_SHM_OPEN 1
| #define COMPILE_DL_MONGODB 1
| /* end confdefs.h.  */
| /* Define _set_output_format to an innocuous variant, in case <limits.h> declares _set_output_format.
|    For example, HP-UX 11i <limits.h> declares gettimeofday.  */
| #define _set_output_format innocuous__set_output_format
| 
| /* System header to define __stub macros and hopefully few prototypes,
|    which can conflict with char _set_output_format (); below.  */
| 
| #include <limits.h>
| #undef _set_output_format
| 
| /* Override any GCC internal prototype to avoid an error.
|    Use char because int might match the return type of a GCC
|    builtin and then its argument prototype would still apply.  */
| #ifdef __cplusplus
| extern "C"
| #endif
| char _set_output_format ();
| /* The GNU C library defines this for functions which it implements
|     to always fail with ENOSYS.  Some functions are actually named
|     something starting with __ and the normal name is an alias.  */
| #if defined __stub__set_output_format || defined __stub____set_output_format
| choke me
| #endif
| 
| int
| main (void)
| {
| return _set_output_format ();
|   ;
|   return 0;
| }
configure:7707: result: no
configure:7720: checking for struct timespec
configure:7720: cc -c -g -O2  conftest.c >&5
configure:7720: $? = 0
configure:7720: cc -c -g -O2  conftest.c >&5
conftest.c: In function 'main':
conftest.c:18:30: error: expected expression before ')' token
   18 | if (sizeof ((struct timespec)))
      |                              ^
configure:7720: $? = 1
configure: failed program was:
| /* confdefs.h */
| #define PACKAGE_NAME ""
| #define PACKAGE_TARNAME ""
| #define PACKAGE_VERSION ""
| #define PACKAGE_STRING ""
| #define PACKAGE_BUGREPORT ""
| #define PACKAGE_URL ""
| #define HAVE_PTHREAD_PRIO_INHERIT 1
| #define HAVE_PTHREAD 1
| #define HAVE_SHM_OPEN 1
| #define COMPILE_DL_MONGODB 1
| /* end confdefs.h.  */
| #include <time.h>
| 
| int
| main (void)
| {
| if (sizeof ((struct timespec)))
| 	    return 0;
|   ;
|   return 0;
| }
configure:7720: result: yes
configure:7732: checking for library containing clock_gettime
configure:7762: cc -o conftest -g -O2   conftest.c  >&5
configure:7762: $? = 0
configure:7782: result: none required
configure:7907: checking if compiler needs -Werror to reject unknown flags
configure:7923: cc -c -g -O2 -Werror -Wunknown-warning-option -Wsizeof-array-argument  conftest.c >&5
cc: error: unrecognized command-line option '-Wunknown-warning-option'
configure:7923: $? = 1
configure: failed program was:
| /* confdefs.h */
| #define PACKAGE_NAME ""
| #define PACKAGE_TARNAME ""
| #define PACKAGE_VERSION ""
| #define PACKAGE_STRING ""
| #define PACKAGE_BUGREPORT ""
| #define PACKAGE_URL ""
| #define HAVE_PTHREAD_PRIO_INHERIT 1
| #define HAVE_PTHREAD 1
| #define HAVE_SHM_OPEN 1
| #define COMPILE_DL_MONGODB 1
| /* end confdefs.h.  */
| int foo(void);
| int
| main (void)
| {
| foo()
|   ;
|   return 0;
| }
configure:7929: result: no
configure:8000: checking for the pthreads library -lpthreads
configure:8038: cc -o conftest -g -O2     conftest.c -lpthreads  >&5
/usr/bin/ld: cannot find -lpthreads: No such file or directory
collect2: error: ld returned 1 exit status
configure:8038: $? = 1
configure: failed program was:
| /* confdefs.h */
| #define PACKAGE_NAME ""
| #define PACKAGE_TARNAME ""
| #define PACKAGE_VERSION ""
| #define PACKAGE_STRING ""
| #define PACKAGE_BUGREPORT ""
| #define PACKAGE_URL ""
| #define HAVE_PTHREAD_PRIO_INHERIT 1
| #define HAVE_PTHREAD 1
| #define HAVE_SHM_OPEN 1
| #define COMPILE_DL_MONGODB 1
| /* end confdefs.h.  */
| #include <pthread.h>
|                         static void routine(void *a) { a = 0; }
|                         static void *start_routine(void *a) { return a; }
| int
| main (void)
| {
| pthread_t th; pthread_attr_t attr;
|                         pthread_create(&th, 0, start_routine, 0);
|                         pthread_join(th, 0);
|                         pthread_attr_init(&attr);
|                         pthread_cleanup_push(routine, 0);
|                         pthread_cleanup_pop(0) /* ; */
|   ;
|   return 0;
| }
configure:8048: result: no
configure:7940: checking whether pthreads work without any flags
configure:8038: cc -o conftest -g -O2     conftest.c   >&5
configure:8038: $? = 0
configure:8048: result: yes
configure:8067: checking for joinable pthread attribute
configure:8082: cc -o conftest -g -O2    conftest.c   >&5
configure:8082: $? = 0
configure:8089: result: PTHREAD_CREATE_JOINABLE
configure:8097: checking if more special flags are required for pthreads
configure:8112: result: no
configure:8118: checking for PTHREAD_PRIO_INHERIT
configure:8146: result: yes
configure:8267: checking whether PTHREAD_ONCE_INIT needs braces
configure:8285: cc -c -g -O2  conftest.c >&5
configure:8285: $? = 0
configure:8293: result: no
configure:8318: checking for stdint-types....
configure:8328: result: "(putting them into ./src/libbson/src/bson/bson-stdint.h)"
configure:8342: checking for uintptr_t
configure:8342: cc -c -g -O2  conftest.c >&5
configure:8342: $? = 0
configure:8342: cc -c -g -O2  conftest.c >&5
conftest.c: In function 'main':
conftest.c:20:24: error: expected expression before ')' token
   20 | if (sizeof ((uintptr_t)))
      |                        ^
configure:8342: $? = 1
configure: failed program was:
| /* confdefs.h */
| #define PACKAGE_NAME ""
| #define PACKAGE_TARNAME ""
| #define PACKAGE_VERSION ""
| #define PACKAGE_STRING ""
| #define PACKAGE_BUGREPORT ""
| #define PACKAGE_URL ""
| #define HAVE_PTHREAD_PRIO_INHERIT 1
| #define HAVE_PTHREAD 1
| #define HAVE_SHM_OPEN 1
| #define COMPILE_DL_MONGODB 1
| #define HAVE_PTHREAD_PRIO_INHERIT 1
| #define HAVE_PTHREAD 1
| /* end confdefs.h.  */
| #include <stdint.h>
| 
| int
| main (void)
| {
| if (sizeof ((uintptr_t)))
| 	    return 0;
|   ;
|   return 0;
| }
configure:8342: result: yes
configure:8351: checking for uint64_t
configure:8351: cc -c -g -O2  conftest.c >&5
configure:8351: $? = 0
configure:8351: cc -c -g -O2  conftest.c >&5
conftest.c: In function 'main':
conftest.c:20:23: error: expected expression before ')' token
   20 | if (sizeof ((uint64_t)))
      |                       ^
configure:8351: $? = 1
configure: failed program was:
| /* confdefs.h */
| #define PACKAGE_NAME ""
| #define PACKAGE_TARNAME ""
| #define PACKAGE_VERSION ""
| #define PACKAGE_STRING ""
| #define PACKAGE_BUGREPORT ""
| #define PACKAGE_URL ""
| #define HAVE_PTHREAD_PRIO_INHERIT 1
| #define HAVE_PTHREAD 1
| #define HAVE_SHM_OPEN 1
| #define COMPILE_DL_MONGODB 1
| #define HAVE_PTHREAD_PRIO_INHERIT 1
| #define HAVE_PTHREAD 1
| /* end confdefs.h.  */
| #include<stdint.h>
| 
| int
| main (void)
| {
| if (sizeof ((uint64_t)))
| 	    return 0;
|   ;
|   return 0;
| }
configure:8351: result: yes
configure:8360: result: ... seen our uintptr_t in stdint.h (uint64_t too)
configure:8629: result: creating ./src/libbson/src/bson/bson-stdint.h : ___SRC_LIBBSON_SRC_BSON_BSON_STDINT_H
configure:8656: checking for int_least32_t
configure:8656: cc -c -g -O2  conftest.c >&5
configure:8656: $? = 0
configure:8656: cc -c -g -O2  conftest.c >&5
conftest.c: In function 'main':
conftest.c:20:28: error: expected expression before ')' token
   20 | if (sizeof ((int_least32_t)))
      |                            ^
configure:8656: $? = 1
configure: failed program was:
| /* confdefs.h */
| #define PACKAGE_NAME ""
| #define PACKAGE_TARNAME ""
| #define PACKAGE_VERSION ""
| #define PACKAGE_STRING ""
| #define PACKAGE_BUGREPORT ""
| #define PACKAGE_URL ""
| #define HAVE_PTHREAD_PRIO_INHERIT 1
| #define HAVE_PTHREAD 1
| #define HAVE_SHM_OPEN 1
| #define COMPILE_DL_MONGODB 1
| #define HAVE_PTHREAD_PRIO_INHERIT 1
| #define HAVE_PTHREAD 1
| /* end confdefs.h.  */
| #include <stdint.h>
| 
| int
| main (void)
| {
| if (sizeof ((int_least32_t)))
| 	    return 0;
|   ;
|   return 0;
| }
configure:8656: result: yes
configure:8663: checking for int_fast32_t
configure:8663: cc -c -g -O2  conftest.c >&5
configure:8663: $? = 0
configure:8663: cc -c -g -O2  conftest.c >&5
conftest.c: In function 'main':
conftest.c:20:27: error: expected expression before ')' token
   20 | if (sizeof ((int_fast32_t)))
      |                           ^
configure:8663: $? = 1
configure: failed program was:
| /* confdefs.h */
| #define PACKAGE_NAME ""
| #define PACKAGE_TARNAME ""
| #define PACKAGE_VERSION ""
| #define PACKAGE_STRING ""
| #define PACKAGE_BUGREPORT ""
| #define PACKAGE_URL ""
| #define HAVE_PTHREAD_PRIO_INHERIT 1
| #define HAVE_PTHREAD 1
| #define HAVE_SHM_OPEN 1
| #define COMPILE_DL_MONGODB 1
| #define HAVE_PTHREAD_PRIO_INHERIT 1
| #define HAVE_PTHREAD 1
| /* end confdefs.h.  */
| #include<stdint.h>
| 
| int
| main (void)
| {
| if (sizeof ((int_fast32_t)))
| 	    return 0;
|   ;
|   return 0;
| }
configure:8663: result: yes
configure:8677: result: ..adding include stdint.h
configure:8687: result: ... seen good stdint.h inttypes
configure:8823: result: ... seen good uint64_t
configure:9043: result: ... DONE ./src/libbson/src/bson/bson-stdint.h
configure:9162: checking whether byte ordering is bigendian
configure:9190: cc -o conftest -g -O2   conftest.c  >&5
configure:9190: $? = 0
configure:9190: ./conftest
configure:9190: $? = 1
configure: program exited with status 1
configure: failed program was:
| /* confdefs.h */
| #define PACKAGE_NAME ""
| #define PACKAGE_TARNAME ""
| #define PACKAGE_VERSION ""
| #define PACKAGE_STRING ""
| #define PACKAGE_BUGREPORT ""
| #define PACKAGE_URL ""
| #define HAVE_PTHREAD_PRIO_INHERIT 1
| #define HAVE_PTHREAD 1
| #define HAVE_SHM_OPEN 1
| #define COMPILE_DL_MONGODB 1
| #define HAVE_PTHREAD_PRIO_INHERIT 1
| #define HAVE_PTHREAD 1
| /* end confdefs.h.  */
| 
| int main(void)
| {
|   short one = 1;
|   char *cp = (char *)&one;
| 
|   if (*cp == 0) {
|     return(0);
|   } else {
|     return(1);
|   }
| }
| 
configure:9202: result: no
configure:9216: checking for stdio.h
configure:9216: cc -c -g -O2  conftest.c >&5
configure:9216: $? = 0
configure:9216: result: yes
configure:9216: checking for stdlib.h
configure:9216: cc -c -g -O2  conftest.c >&5
configure:9216: $? = 0
configure:9216: result: yes
configure:9216: checking for string.h
configure:9216: cc -c -g -O2  conftest.c >&5
configure:9216: $? = 0
configure:9216: result: yes
configure:9216: checking for inttypes.h
configure:9216: cc -c -g -O2  conftest.c >&5
configure:9216: $? = 0
configure:9216: result: yes
configure:9216: checking for stdint.h
configure:9216: cc -c -g -O2  conftest.c >&5
configure:9216: $? = 0
configure:9216: result: yes
configure:9216: checking for strings.h
configure:9216: cc -c -g -O2  conftest.c >&5
configure:9216: $? = 0
configure:9216: result: yes
configure:9216: checking for sys/stat.h
configure:9216: cc -c -g -O2  conftest.c >&5
configure:9216: $? = 0
configure:9216: result: yes
configure:9216: checking for sys/types.h
configure:9216: cc -c -g -O2  conftest.c >&5
configure:9216: $? = 0
configure:9216: result: yes
configure:9216: checking for unistd.h
configure:9216: cc -c -g -O2  conftest.c >&5
configure:9216: $? = 0
configure:9216: result: yes
configure:9241: checking for _Bool
configure:9241: cc -c -g -O2  conftest.c >&5
configure:9241: $? = 0
configure:9241: cc -c -g -O2  conftest.c >&5
conftest.c: In function 'main':
conftest.c:56:20: error: expected expression before ')' token
   56 | if (sizeof ((_Bool)))
      |                    ^
configure:9241: $? = 1
configure: failed program was:
| /* confdefs.h */
| #define PACKAGE_NAME ""
| #define PACKAGE_TARNAME ""
| #define PACKAGE_VERSION ""
| #define PACKAGE_STRING ""
| #define PACKAGE_BUGREPORT ""
| #define PACKAGE_URL ""
| #define HAVE_PTHREAD_PRIO_INHERIT 1
| #define HAVE_PTHREAD 1
| #define HAVE_SHM_OPEN 1
| #define COMPILE_DL_MONGODB 1
| #define HAVE_PTHREAD_PRIO_INHERIT 1
| #define HAVE_PTHREAD 1
| #define HAVE_STDIO_H 1
| #define HAVE_STDLIB_H 1
| #define HAVE_STRING_H 1
| #define HAVE_INTTYPES_H 1
| #define HAVE_STDINT_H 1
| #define HAVE_STRINGS_H 1
| #define HAVE_SYS_STAT_H 1
| #define HAVE_SYS_TYPES_H 1
| #define HAVE_UNISTD_H 1
| #define STDC_HEADERS 1
| /* end confdefs.h.  */
| #include <stddef.h>
| #ifdef HAVE_STDIO_H
| # include <stdio.h>
| #endif
| #ifdef HAVE_STDLIB_H
| # include <stdlib.h>
| #endif
| #ifdef HAVE_STRING_H
| # include <string.h>
| #endif
| #ifdef HAVE_INTTYPES_H
| # include <inttypes.h>
| #endif
| #ifdef HAVE_STDINT_H
| # include <stdint.h>
| #endif
| #ifdef HAVE_STRINGS_H
| # include <strings.h>
| #endif
| #ifdef HAVE_SYS_TYPES_H
| # include <sys/types.h>
| #endif
| #ifdef HAVE_SYS_STAT_H
| # include <sys/stat.h>
| #endif
| #ifdef HAVE_UNISTD_H
| # include <unistd.h>
| #endif
| int
| main (void)
| {
| if (sizeof ((_Bool)))
| 	    return 0;
|   ;
|   return 0;
| }
configure:9241: result: yes
configure:9250: checking for stdbool.h that conforms to C99
configure:9366: cc -c -g -O2  conftest.c >&5
configure:9366: $? = 0
configure:9374: result: yes
configure:9403: checking for clock_gettime
configure:9417: cc -o conftest -g -O2   conftest.c  >&5
configure:9417: $? = 0
configure:9421: result: yes
configure:9474: checking for strnlen
configure:9474: cc -o conftest -g -O2   conftest.c  >&5
conftest.c:43:6: warning: conflicting types for built-in function 'strnlen'; expected 'long unsigned int(const char *, long unsigned int)' [-Wbuiltin-declaration-mismatch]
   43 | char strnlen ();
      |      ^~~~~~~
configure:9474: $? = 0
configure:9474: result: yes
configure:9490: checking for snprintf
configure:9490: result: yes
configure:9533: Current version (from VERSION_CURRENT file): 1.5.5
configure:9712: creating ./config.status

## ---------------------- ##
## Running config.status. ##
## ---------------------- ##

This file was extended by config.status, which was
generated by GNU Autoconf 2.71.  Invocation command line was

  CONFIG_FILES    = 
  CONFIG_HEADERS  = 
  CONFIG_LINKS    = 
  CONFIG_COMMANDS = 
  $ ./config.status 

on kasper-UX430UQ

config.status:822: creating ./src/libmongoc/src/mongoc/mongoc-config.h
configure:10864: creating ./config.status

## ---------------------- ##
## Running config.status. ##
## ---------------------- ##

This file was extended by config.status, which was
generated by GNU Autoconf 2.71.  Invocation command line was

  CONFIG_FILES    = 
  CONFIG_HEADERS  = 
  CONFIG_LINKS    = 
  CONFIG_COMMANDS = 
  $ ./config.status 

on kasper-UX430UQ

config.status:823: creating ./src/libmongoc/src/mongoc/mongoc-config.h
config.status:823: creating ./src/libmongoc/src/mongoc/mongoc-version.h
configure:11893: Current version (from VERSION_CURRENT file): 1.5.5
configure:12068: creating ./config.status

## ---------------------- ##
## Running config.status. ##
## ---------------------- ##

This file was extended by config.status, which was
generated by GNU Autoconf 2.71.  Invocation command line was

  CONFIG_FILES    = 
  CONFIG_HEADERS  = 
  CONFIG_LINKS    = 
  CONFIG_COMMANDS = 
  $ ./config.status 

on kasper-UX430UQ

config.status:824: creating ./src/libmongoc/src/mongoc/mongoc-config.h
config.status:824: creating ./src/libmongoc/src/mongoc/mongoc-version.h
config.status:824: creating ./src/libbson/src/bson/bson-config.h
configure:13222: creating ./config.status

## ---------------------- ##
## Running config.status. ##
## ---------------------- ##

This file was extended by config.status, which was
generated by GNU Autoconf 2.71.  Invocation command line was

  CONFIG_FILES    = 
  CONFIG_HEADERS  = 
  CONFIG_LINKS    = 
  CONFIG_COMMANDS = 
  $ ./config.status 

on kasper-UX430UQ

config.status:825: creating ./src/libmongoc/src/mongoc/mongoc-config.h
config.status:825: creating ./src/libmongoc/src/mongoc/mongoc-version.h
config.status:825: creating ./src/libbson/src/bson/bson-config.h
config.status:825: creating ./src/libbson/src/bson/bson-version.h
configure:13186: checking how to print strings
configure:13213: result: printf
configure:13234: checking for a sed that does not truncate output
configure:13304: result: /usr/bin/sed
configure:13322: checking for fgrep
configure:13390: result: /usr/bin/grep -F
configure:13426: checking for ld used by cc
configure:13494: result: /usr/bin/ld
configure:13501: checking if the linker (/usr/bin/ld) is GNU ld
configure:13517: result: yes
configure:13529: checking for BSD- or MS-compatible name lister (nm)
configure:13584: result: /usr/bin/nm -B
configure:13724: checking the name lister (/usr/bin/nm -B) interface
configure:13732: cc -c -g -O2  conftest.c >&5
configure:13735: /usr/bin/nm -B "conftest.o"
configure:13738: output
0000000000000000 B some_variable
configure:13745: result: BSD nm
configure:13748: checking whether ln -s works
configure:13752: result: yes
configure:13760: checking the maximum length of command line arguments
configure:13892: result: 1572864
configure:13940: checking how to convert x86_64-pc-linux-gnu file names to x86_64-pc-linux-gnu format
configure:13981: result: func_convert_file_noop
configure:13988: checking how to convert x86_64-pc-linux-gnu file names to toolchain format
configure:14009: result: func_convert_file_noop
configure:14016: checking for /usr/bin/ld option to reload object files
configure:14024: result: -r
configure:14103: checking for objdump
configure:14124: found /usr/bin/objdump
configure:14135: result: objdump
configure:14167: checking how to recognize dependent libraries
configure:14368: result: pass_all
configure:14458: checking for dlltool
configure:14493: result: no
configure:14523: checking how to associate runtime and link libraries
configure:14551: result: printf %s\n
configure:14616: checking for ar
configure:14637: found /usr/bin/ar
configure:14648: result: ar
configure:14685: checking for archiver @FILE support
configure:14703: cc -c -g -O2  conftest.c >&5
configure:14703: $? = 0
configure:14707: ar cr libconftest.a @conftest.lst >&5
configure:14710: $? = 0
configure:14715: ar cr libconftest.a @conftest.lst >&5
ar: conftest.o: No such file or directory
configure:14718: $? = 1
configure:14730: result: @
configure:14793: checking for strip
configure:14814: found /usr/bin/strip
configure:14825: result: strip
configure:14902: checking for ranlib
configure:14923: found /usr/bin/ranlib
configure:14934: result: ranlib
configure:15011: checking for gawk
configure:15043: result: nawk
configure:15083: checking command to parse /usr/bin/nm -B output from cc object
configure:15237: cc -c -g -O2  conftest.c >&5
configure:15240: $? = 0
configure:15244: /usr/bin/nm -B conftest.o | sed -n -e 's/^.*[	 ]\([ABCDGIRSTW][ABCDGIRSTW]*\)[	 ][	 ]*\([_A-Za-z][_A-Za-z0-9]*\)$/\1 \2 \2/p' | sed '/ __gnu_lto/d' > conftest.nm
configure:15310: cc -o conftest -g -O2   conftest.c conftstm.o >&5
configure:15313: $? = 0
configure:15351: result: ok
configure:15398: checking for sysroot
configure:15429: result: no
configure:15436: checking for a working dd
configure:15480: result: /usr/bin/dd
configure:15484: checking how to truncate binary pipes
configure:15500: result: /usr/bin/dd bs=4096 count=1
configure:15637: cc -c -g -O2  conftest.c >&5
configure:15640: $? = 0
configure:15837: checking for mt
configure:15858: found /usr/bin/mt
configure:15869: result: mt
configure:15892: checking if mt is a manifest tool
configure:15899: mt '-?'
configure:15907: result: no
configure:16633: checking for dlfcn.h
configure:16633: cc -c -g -O2  conftest.c >&5
configure:16633: $? = 0
configure:16633: result: yes
configure:16892: checking for objdir
configure:16908: result: .libs
configure:17172: checking if cc supports -fno-rtti -fno-exceptions
configure:17191: cc -c -g -O2  -fno-rtti -fno-exceptions conftest.c >&5
cc1: warning: command-line option '-fno-rtti' is valid for C++/D/ObjC++ but not for C
configure:17195: $? = 0
configure:17208: result: no
configure:17572: checking for cc option to produce PIC
configure:17580: result: -fPIC -DPIC
configure:17588: checking if cc PIC flag -fPIC -DPIC works
configure:17607: cc -c -g -O2  -fPIC -DPIC -DPIC conftest.c >&5
configure:17611: $? = 0
configure:17624: result: yes
configure:17653: checking if cc static flag -static works
configure:17682: result: yes
configure:17697: checking if cc supports -c -o file.o
configure:17719: cc -c -g -O2  -o out/conftest2.o conftest.c >&5
configure:17723: $? = 0
configure:17745: result: yes
configure:17753: checking if cc supports -c -o file.o
configure:17801: result: yes
configure:17834: checking whether the cc linker (/usr/bin/ld -m elf_x86_64) supports shared libraries
configure:19104: result: yes
configure:19141: checking whether -lc should be explicitly linked in
configure:19150: cc -c -g -O2  conftest.c >&5
configure:19153: $? = 0
configure:19168: cc -shared  -fPIC -DPIC conftest.o  -v -Wl,-soname -Wl,conftest -o conftest 2\>\&1 \| /usr/bin/grep  -lc  \>/dev/null 2\>\&1
configure:19171: $? = 0
configure:19185: result: no
configure:19345: checking dynamic linker characteristics
configure:19927: cc -o conftest -g -O2   -Wl,-rpath -Wl,/foo conftest.c  >&5
configure:19927: $? = 0
configure:20178: result: GNU/Linux ld.so
configure:20300: checking how to hardcode library paths into programs
configure:20325: result: immediate
configure:20877: checking whether stripping libraries is possible
configure:20882: result: yes
configure:20917: checking if libtool supports shared libraries
configure:20919: result: yes
configure:20922: checking whether to build shared libraries
configure:20947: result: yes
configure:20950: checking whether to build static libraries
configure:20954: result: no
configure:21279: patching config.h.in
configure:21290: creating ./config.status

## ---------------------- ##
## Running config.status. ##
## ---------------------- ##

This file was extended by config.status, which was
generated by GNU Autoconf 2.71.  Invocation command line was

  CONFIG_FILES    = 
  CONFIG_HEADERS  = 
  CONFIG_LINKS    = 
  CONFIG_COMMANDS = 
  $ ./config.status 

on kasper-UX430UQ

config.status:1119: creating ./src/libmongoc/src/mongoc/mongoc-config.h
config.status:1119: creating ./src/libmongoc/src/mongoc/mongoc-version.h
config.status:1119: creating ./src/libbson/src/bson/bson-config.h
config.status:1119: creating ./src/libbson/src/bson/bson-version.h
config.status:1119: creating config.h
config.status:1303: executing libtool commands

## ---------------- ##
## Cache variables. ##
## ---------------- ##

ac_cv_build=x86_64-pc-linux-gnu
ac_cv_c_bigendian_php=no
ac_cv_c_compiler_gnu=yes
ac_cv_env_CC_set=
ac_cv_env_CC_value=
ac_cv_env_CFLAGS_set=
ac_cv_env_CFLAGS_value=
ac_cv_env_CPPFLAGS_set=
ac_cv_env_CPPFLAGS_value=
ac_cv_env_CPP_set=
ac_cv_env_CPP_value=
ac_cv_env_LDFLAGS_set=
ac_cv_env_LDFLAGS_value=
ac_cv_env_LIBS_set=
ac_cv_env_LIBS_value=
ac_cv_env_LT_SYS_LIBRARY_PATH_set=
ac_cv_env_LT_SYS_LIBRARY_PATH_value=
ac_cv_env_OPENSSL_CFLAGS_set=
ac_cv_env_OPENSSL_CFLAGS_value=
ac_cv_env_OPENSSL_LIBS_set=
ac_cv_env_OPENSSL_LIBS_value=
ac_cv_env_PKG_CONFIG_LIBDIR_set=
ac_cv_env_PKG_CONFIG_LIBDIR_value=
ac_cv_env_PKG_CONFIG_PATH_set=
ac_cv_env_PKG_CONFIG_PATH_value=
ac_cv_env_PKG_CONFIG_set=
ac_cv_env_PKG_CONFIG_value=
ac_cv_env_build_alias_set=
ac_cv_env_build_alias_value=
ac_cv_env_host_alias_set=
ac_cv_env_host_alias_value=
ac_cv_env_target_alias_set=
ac_cv_env_target_alias_value=
ac_cv_func__set_output_format=no
ac_cv_func_shm_open=yes
ac_cv_func_snprintf=yes
ac_cv_func_strnlen=yes
ac_cv_header_dlfcn_h=yes
ac_cv_header_inttypes_h=yes
ac_cv_header_stdbool_h=yes
ac_cv_header_stdint=stdint.h
ac_cv_header_stdint_h=yes
ac_cv_header_stdint_o=no-file
ac_cv_header_stdint_test=no
ac_cv_header_stdint_u=no-file
ac_cv_header_stdint_x=stdint.h
ac_cv_header_stdio_h=yes
ac_cv_header_stdlib_h=yes
ac_cv_header_string_h=yes
ac_cv_header_strings_h=yes
ac_cv_header_sys_stat_h=yes
ac_cv_header_sys_types_h=yes
ac_cv_header_unistd_h=yes
ac_cv_host=x86_64-pc-linux-gnu
ac_cv_objext=o
ac_cv_path_EGREP='/usr/bin/grep -E'
ac_cv_path_FGREP='/usr/bin/grep -F'
ac_cv_path_GREP=/usr/bin/grep
ac_cv_path_SED=/usr/bin/sed
ac_cv_path_ac_pt_PKG_CONFIG=/usr/bin/pkg-config
ac_cv_path_lt_DD=/usr/bin/dd
ac_cv_prog_AWK=nawk
ac_cv_prog_CPP='cc -E'
ac_cv_prog_ac_ct_AR=ar
ac_cv_prog_ac_ct_CC=cc
ac_cv_prog_ac_ct_MANIFEST_TOOL=mt
ac_cv_prog_ac_ct_OBJDUMP=objdump
ac_cv_prog_ac_ct_RANLIB=ranlib
ac_cv_prog_ac_ct_STRIP=strip
ac_cv_prog_cc_c11=
ac_cv_prog_cc_g=yes
ac_cv_prog_cc_stdc=
ac_cv_search_clock_gettime='none required'
ac_cv_sizeof_X=::::
ac_cv_sizeof_x=:
ac_cv_target=x86_64-pc-linux-gnu
ac_cv_type__Bool=yes
ac_cv_type_int_fast32_t=yes
ac_cv_type_int_least32_t=yes
ac_cv_type_struct_timespec=yes
ac_cv_type_uint64_t=yes
ac_cv_type_uintptr_t=yes
ax_cv_PTHREAD_PRIO_INHERIT=yes
bson_cv_have_reallocf=no
bson_cv_have_strnlen=yes
bson_cv_have_sys_gettid_tid=yes
bson_cv_have_syscall_tid=yes
bson_cv_need_braces_on_pthread_once_init=no
lt_cv_ar_at_file=@
lt_cv_archive_cmds_need_lc=no
lt_cv_deplibs_check_method=pass_all
lt_cv_file_magic_cmd='$MAGIC_CMD'
lt_cv_file_magic_test_file=
lt_cv_ld_reload_flag=-r
lt_cv_nm_interface='BSD nm'
lt_cv_objdir=.libs
lt_cv_path_LD=/usr/bin/ld
lt_cv_path_NM='/usr/bin/nm -B'
lt_cv_path_mainfest_tool=no
lt_cv_prog_compiler_c_o=yes
lt_cv_prog_compiler_pic='-fPIC -DPIC'
lt_cv_prog_compiler_pic_works=yes
lt_cv_prog_compiler_rtti_exceptions=no
lt_cv_prog_compiler_static_works=yes
lt_cv_prog_gnu_ld=yes
lt_cv_sharedlib_from_linklib_cmd='printf %s\n'
lt_cv_shlibpath_overrides_runpath=yes
lt_cv_sys_global_symbol_pipe='sed -n -e '\''s/^.*[	 ]\([ABCDGIRSTW][ABCDGIRSTW]*\)[	 ][	 ]*\([_A-Za-z][_A-Za-z0-9]*\)$/\1 \2 \2/p'\'' | sed '\''/ __gnu_lto/d'\'''
lt_cv_sys_global_symbol_to_c_name_address='sed -n -e '\''s/^: \(.*\) .*$/  {"\1", (void *) 0},/p'\'' -e '\''s/^[ABCDGIRSTW][ABCDGIRSTW]* .* \(.*\)$/  {"\1", (void *) \&\1},/p'\'''
lt_cv_sys_global_symbol_to_c_name_address_lib_prefix='sed -n -e '\''s/^: \(.*\) .*$/  {"\1", (void *) 0},/p'\'' -e '\''s/^[ABCDGIRSTW][ABCDGIRSTW]* .* \(lib.*\)$/  {"\1", (void *) \&\1},/p'\'' -e '\''s/^[ABCDGIRSTW][ABCDGIRSTW]* .* \(.*\)$/  {"lib\1", (void *) \&\1},/p'\'''
lt_cv_sys_global_symbol_to_cdecl='sed -n -e '\''s/^T .* \(.*\)$/extern int \1();/p'\'' -e '\''s/^[ABCDGIRSTW][ABCDGIRSTW]* .* \(.*\)$/extern char \1;/p'\'''
lt_cv_sys_global_symbol_to_import=
lt_cv_sys_max_cmd_len=1572864
lt_cv_to_host_file_cmd=func_convert_file_noop
lt_cv_to_tool_file_cmd=func_convert_file_noop
lt_cv_truncate_bin='/usr/bin/dd bs=4096 count=1'
php_cv_cc_rpath=yes
pkg_cv_OPENSSL_CFLAGS=
pkg_cv_OPENSSL_LIBS='-lssl -lcrypto'

## ----------------- ##
## Output variables. ##
## ----------------- ##

AR='ar'
AWK='nawk'
BSON_API_VERSION='1.0'
BSON_BYTE_ORDER='1234'
BSON_EXTRA_ALIGN='0'
BSON_HAVE_ATOMIC_32_ADD_AND_FETCH='1'
BSON_HAVE_ATOMIC_64_ADD_AND_FETCH='1'
BSON_HAVE_CLOCK_GETTIME='1'
BSON_HAVE_DECIMAL128='0'
BSON_HAVE_REALLOCF='0'
BSON_HAVE_SNPRINTF='1'
BSON_HAVE_STDBOOL_H='1'
BSON_HAVE_STRNLEN='1'
BSON_HAVE_SYSCALL_TID='1'
BSON_HAVE_TIMESPEC='1'
BSON_MAJOR_VERSION='1'
BSON_MICRO_VERSION='5'
BSON_MINOR_VERSION='5'
BSON_NEEDS_SET_OUTPUT_FORMAT='0'
BSON_OS='1'
BSON_PRERELEASE_VERSION=''
BSON_PTHREAD_ONCE_INIT_NEEDS_BRACES='0'
BSON_RELEASED_MAJOR_VERSION='1'
BSON_RELEASED_MICRO_VERSION='5'
BSON_RELEASED_MINOR_VERSION='5'
BSON_RELEASED_PRERELEASE_VERSION=''
BSON_RELEASED_VERSION='1.5.5'
BSON_VERSION='1.5.5'
BUILD_CC='cc'
CC='cc'
CFLAGS='-g -O2'
CONFIGURE_COMMAND=' '\''./configure'\'' '
CONFIGURE_OPTIONS=''
CPP='cc -E'
CPPFLAGS=' -DHAVE_CONFIG_H'
DEFS='-DHAVE_CONFIG_H'
DLLTOOL='false'
DSYMUTIL=''
DUMPBIN=''
ECHO_C=''
ECHO_N='-n'
ECHO_T=''
EGREP='/usr/bin/grep -E'
EXEEXT=''
FGREP='/usr/bin/grep -F'
GREP='/usr/bin/grep'
LD='/usr/bin/ld -m elf_x86_64'
LDFLAGS=''
LIBOBJS=''
LIBS=''
LIBTOOL='$(SHELL) $(top_builddir)/libtool'
LIPO=''
LN_S='ln -s'
LTLIBOBJS=''
LT_SYS_LIBRARY_PATH=''
MANIFEST_TOOL=':'
MONGOC_API_VERSION='1.0'
MONGOC_CC='cc'
MONGOC_ENABLE_CRYPTO='1'
MONGOC_ENABLE_CRYPTO_CNG='0'
MONGOC_ENABLE_CRYPTO_COMMON_CRYPTO='0'
MONGOC_ENABLE_CRYPTO_LIBCRYPTO='1'
MONGOC_ENABLE_CRYPTO_SYSTEM_PROFILE='0'
MONGOC_ENABLE_SASL='0'
MONGOC_ENABLE_SSL='1'
MONGOC_ENABLE_SSL_LIBRESSL='0'
MONGOC_ENABLE_SSL_OPENSSL='1'
MONGOC_ENABLE_SSL_SECURE_CHANNEL='0'
MONGOC_ENABLE_SSL_SECURE_TRANSPORT='0'
MONGOC_HAVE_SASL_CLIENT_DONE='0'
MONGOC_HAVE_WEAK_SYMBOLS='1'
MONGOC_MAJOR_VERSION='1'
MONGOC_MICRO_VERSION='5'
MONGOC_MINOR_VERSION='5'
MONGOC_NO_AUTOMATIC_GLOBALS='1'
MONGOC_PRERELEASE_VERSION=''
MONGOC_RELEASED_MAJOR_VERSION='1'
MONGOC_RELEASED_MICRO_VERSION='5'
MONGOC_RELEASED_MINOR_VERSION='5'
MONGOC_RELEASED_PRERELEASE_VERSION=''
MONGOC_RELEASED_VERSION='1.5.5'
MONGOC_USER_SET_CFLAGS='-g -O2'
MONGOC_USER_SET_LDFLAGS=''
MONGOC_VERSION='1.5.5'
NM='/usr/bin/nm -B'
NMEDIT=''
OBJDUMP='objdump'
OBJEXT='o'
OPENSSL_CFLAGS=''
OPENSSL_LIBS='-lssl -lcrypto'
OTOOL64=''
OTOOL=''
PACKAGE_BUGREPORT=''
PACKAGE_NAME=''
PACKAGE_STRING=''
PACKAGE_TARNAME=''
PACKAGE_URL=''
PACKAGE_VERSION=''
PATH_SEPARATOR=':'
PKG_CONFIG='/usr/bin/pkg-config'
PKG_CONFIG_LIBDIR=''
PKG_CONFIG_PATH=''
PTHREAD_CC='cc'
PTHREAD_CFLAGS=''
PTHREAD_LIBS=''
RANLIB='ranlib'
SED='/usr/bin/sed'
SHELL='/bin/bash'
SHLIB_DL_SUFFIX_NAME='so'
SHLIB_SUFFIX_NAME='so'
SOCKET_CFLAGS=''
SOCKET_LDFLAGS=''
STRIP='strip'
ac_ct_AR='ar'
ac_ct_CC='cc'
ac_ct_DUMPBIN=''
ax_pthread_config=''
bindir='${exec_prefix}/bin'
build='x86_64-pc-linux-gnu'
build_alias=''
build_cpu='x86_64'
build_os='linux-gnu'
build_vendor='pc'
datadir='${datarootdir}'
datarootdir='${prefix}/share'
docdir='${datarootdir}/doc/${PACKAGE}'
dvidir='${docdir}'
exec_prefix='${prefix}'
host='x86_64-pc-linux-gnu'
host_alias='x86_64-pc-linux-gnu'
host_cpu='x86_64'
host_os='linux-gnu'
host_vendor='pc'
htmldir='${docdir}'
includedir='${prefix}/include'
infodir='${datarootdir}/info'
libdir='${exec_prefix}/lib'
libexecdir='${exec_prefix}/libexec'
localedir='${datarootdir}/locale'
localstatedir='${prefix}/var'
mandir='${datarootdir}/man'
oldincludedir='/usr/include'
pdfdir='${docdir}'
prefix='/usr'
program_transform_name='s,x,x,'
psdir='${docdir}'
runstatedir='${localstatedir}/run'
sbindir='${exec_prefix}/sbin'
sharedstatedir='${prefix}/com'
sysconfdir='${prefix}/etc'
target='x86_64-pc-linux-gnu'
target_alias=''
target_cpu='x86_64'
target_os='linux-gnu'
target_vendor='pc'

## ----------- ##
## confdefs.h. ##
## ----------- ##

/* confdefs.h */
#define PACKAGE_NAME ""
#define PACKAGE_TARNAME ""
#define PACKAGE_VERSION ""
#define PACKAGE_STRING ""
#define PACKAGE_BUGREPORT ""
#define PACKAGE_URL ""
#define HAVE_PTHREAD_PRIO_INHERIT 1
#define HAVE_PTHREAD 1
#define HAVE_SHM_OPEN 1
#define COMPILE_DL_MONGODB 1
#define HAVE_PTHREAD_PRIO_INHERIT 1
#define HAVE_PTHREAD 1
#define HAVE_STDIO_H 1
#define HAVE_STDLIB_H 1
#define HAVE_STRING_H 1
#define HAVE_INTTYPES_H 1
#define HAVE_STDINT_H 1
#define HAVE_STRINGS_H 1
#define HAVE_SYS_STAT_H 1
#define HAVE_SYS_TYPES_H 1
#define HAVE_UNISTD_H 1
#define STDC_HEADERS 1
#define HAVE__BOOL 1
#define HAVE_STDBOOL_H 1
#define HAVE_DLFCN_H 1
#define LT_OBJDIR ".libs/"

configure: exit 0
